\BOOKMARK [0][-]{chapter*.1}{\376\377\004\022\004\062\004\065\004\064\004\065\004\075\004\070\004\065}{}% 1
\BOOKMARK [0][-]{chapter.1}{\376\377\004\037\004\076\004\101\004\102\004\060\004\075\004\076\004\062\004\072\004\060\000\040\004\067\004\060\004\064\004\060\004\107\004\070}{}% 2
\BOOKMARK [0][-]{chapter.2}{\376\377\004\040\004\060\004\067\004\100\004\060\004\061\004\076\004\102\004\072\004\060\000\040\004\077\004\100\004\076\004\063\004\100\004\060\004\074\004\074\004\075\004\076\004\063\004\076\000\040\004\101\004\100\004\065\004\064\004\101\004\102\004\062\004\060}{}% 3
\BOOKMARK [1][-]{section.2.1}{\376\377\004\036\004\061\004\076\004\101\004\075\004\076\004\062\004\060\004\075\004\070\004\065\000\040\004\062\004\113\004\061\004\076\004\100\004\060\000\040\004\070\004\075\004\104\004\076\004\100\004\074\004\060\004\106\004\070\004\076\004\075\004\075\004\113\004\105\000\040\004\102\004\065\004\105\004\075\004\076\004\073\004\076\004\063\004\070\004\071}{chapter.2}% 4
\BOOKMARK [1][-]{section.2.2}{\376\377\004\030\004\101\004\077\004\076\004\073\004\114\004\067\004\103\004\065\004\074\004\113\004\065\000\040\004\101\004\100\004\065\004\064\004\101\004\102\004\062\004\060\000\040\004\100\004\060\004\067\004\100\004\060\004\061\004\076\004\102\004\072\004\070}{chapter.2}% 5
\BOOKMARK [1][-]{section.2.3}{\376\377\004\040\004\060\004\067\004\100\004\060\004\061\004\076\004\102\004\072\004\060\000\040\004\077\004\100\004\076\004\063\004\100\004\060\004\074\004\074\004\075\004\076\004\063\004\076\000\040\004\101\004\100\004\065\004\064\004\101\004\102\004\062\004\060}{chapter.2}% 6
\BOOKMARK [2][-]{subsection.2.3.1}{\376\377\004\027\004\060\004\077\004\103\004\101\004\072\000\040\004\076\004\102\004\100\004\070\004\101\004\076\004\062\004\072\004\070\000\040\004\063\004\100\004\060\004\104\004\070\004\072\004\076\004\062\000\040\004\075\004\060\000\040\004\101\004\102\004\100\004\060\004\075\004\070\004\106\004\065}{section.2.3}% 7
\BOOKMARK [2][-]{subsection.2.3.2}{\376\377\004\024\004\076\004\061\004\060\004\062\004\073\004\065\004\075\004\070\004\065\000\040\004\115\004\073\004\065\004\074\004\065\004\075\004\102\004\060\000\040\004\062\000\040\004\073\004\065\004\063\004\065\004\075\004\064\004\103}{section.2.3}% 8
\BOOKMARK [2][-]{subsection.2.3.3}{\376\377\004\036\004\061\004\100\004\060\004\061\004\076\004\102\004\072\004\060\000\040\004\115\004\073\004\065\004\074\004\065\004\075\004\102\004\060\000\040\000<\000c\000h\000a\000r\000t\000>\000\040\004\062\000\040\004\067\004\060\004\062\004\070\004\101\004\070\004\074\004\076\004\101\004\102\004\070\000\040\004\076\004\102\000\040\004\102\004\070\004\077\004\060}{section.2.3}% 9
\BOOKMARK [2][-]{subsection.2.3.4}{\376\377\004\037\004\076\004\073\004\103\004\107\004\065\004\075\004\070\004\065\000\040\004\076\004\061\004\073\004\060\004\101\004\102\004\070\000\040\004\076\004\102\004\076\004\061\004\100\004\060\004\066\004\065\004\075\004\070\004\117\000\040\004\067\004\075\004\060\004\107\004\065\004\075\004\070\004\071\000\040\004\063\004\100\004\060\004\104\004\070\004\072\004\060}{section.2.3}% 10
\BOOKMARK [2][-]{subsection.2.3.5}{\376\377\004\037\004\076\004\073\004\103\004\107\004\065\004\075\004\070\004\065\000\040\004\074\004\060\004\101\004\101\004\070\004\062\004\060\000\040\004\067\004\075\004\060\004\107\004\065\004\075\004\070\004\071\000\040\004\064\004\073\004\117\000\040\004\063\004\100\004\060\004\104\004\070\004\072\004\060}{section.2.3}% 11
\BOOKMARK [2][-]{subsection.2.3.6}{\376\377\004\041\004\076\004\067\004\064\004\060\004\075\004\070\004\065\000\040\004\110\004\072\004\060\004\073\004\113\000\040\004\064\004\073\004\117\000\040\004\063\004\100\004\060\004\104\004\070\004\072\004\060}{section.2.3}% 12
\BOOKMARK [2][-]{subsection.2.3.7}{\376\377\004\036\004\102\004\100\004\070\004\101\004\076\004\062\004\072\004\060\000\040\004\102\004\076\004\107\004\065\004\072\000\040\004\075\004\060\000\040\004\063\004\100\004\060\004\104\004\070\004\072\004\065}{section.2.3}% 13
\BOOKMARK [2][-]{subsection.2.3.8}{\376\377\004\036\004\102\004\100\004\070\004\101\004\076\004\072\004\060\000\040\004\073\004\076\004\074\004\060\004\075\004\075\004\113\004\105\000\040\004\073\004\070\004\075\004\070\004\071\000\040\004\070\000\040\004\101\004\077\004\073\004\060\004\071\004\075\004\076\004\062\000\040\004\075\004\060\000\040\004\063\004\100\004\060\004\104\004\070\004\072\004\065}{section.2.3}% 14
\BOOKMARK [2][-]{subsection.2.3.9}{\376\377\004\036\004\102\004\100\004\070\004\101\004\076\004\072\004\060\000\040\004\072\004\100\004\103\004\063\004\076\004\062\004\076\004\071\000\040\004\064\004\070\004\060\004\063\004\100\004\060\004\074\004\074\004\113}{section.2.3}% 15
\BOOKMARK [2][-]{subsection.2.3.10}{\376\377\004\041\004\076\004\067\004\064\004\060\004\075\004\070\004\065\000\040\004\110\004\072\004\060\004\073\000\040\004\064\004\073\004\117\000\040\004\063\004\070\004\101\004\102\004\076\004\063\004\100\004\060\004\074\004\074\004\113}{section.2.3}% 16
\BOOKMARK [2][-]{subsection.2.3.11}{\376\377\004\036\004\102\004\076\004\061\004\100\004\060\004\066\004\065\004\075\004\070\004\065\000\040\004\063\004\070\004\101\004\102\004\076\004\063\004\100\004\060\004\074\004\074\004\113}{section.2.3}% 17
\BOOKMARK [2][-]{subsection.2.3.12}{\376\377\0003\000D\000\040\004\115\004\073\004\065\004\074\004\065\004\075\004\102\004\113}{section.2.3}% 18
\BOOKMARK [0][-]{chapter.3}{\376\377\004\042\004\065\004\101\004\102\004\070\004\100\004\076\004\062\004\060\004\075\004\070\004\065\000\040\004\077\004\100\004\076\004\063\004\100\004\060\004\074\004\074\004\075\004\076\004\063\004\076\000\040\004\101\004\100\004\065\004\064\004\101\004\102\004\062\004\060}{}% 19
\BOOKMARK [0][-]{chapter.4}{\376\377\004\040\004\103\004\072\004\076\004\062\004\076\004\064\004\101\004\102\004\062\004\076\000\040\004\077\004\076\004\073\004\114\004\067\004\076\004\062\004\060\004\102\004\065\004\073\004\117}{}% 20
\BOOKMARK [1][-]{section.4.1}{\376\377\004\043\004\101\004\102\004\060\004\075\004\076\004\062\004\072\004\060}{chapter.4}% 21
\BOOKMARK [2][-]{subsection.4.1.1}{\376\377\004\043\004\101\004\102\004\060\004\075\004\076\004\062\004\072\004\060\000\040\004\107\004\065\004\100\004\065\004\067\000\040\000n\000p\000m}{section.4.1}% 22
\BOOKMARK [2][-]{subsection.4.1.2}{\376\377\004\041\004\072\004\060\004\107\004\060\004\102\004\114\000\040\004\064\004\065\004\074\004\076\000-\004\077\004\100\004\076\004\065\004\072\004\102\000\040\004\101\000\040\000G\000i\000t\000H\000u\000b}{section.4.1}% 23
\BOOKMARK [1][-]{section.4.2}{\376\377\004\030\004\101\004\077\004\076\004\073\004\114\004\067\004\076\004\062\004\060\004\075\004\070\004\065}{chapter.4}% 24
\BOOKMARK [0][-]{figure.4.5}{\376\377\004\027\004\060\004\072\004\073\004\116\004\107\004\065\004\075\004\070\004\065}{}% 25
\BOOKMARK [0][-]{chapter*.3}{\376\377\004\041\004\077\004\070\004\101\004\076\004\072\000\040\004\070\004\101\004\077\004\076\004\073\004\114\004\067\004\076\004\062\004\060\004\075\004\075\004\076\004\071\000\040\004\073\004\070\004\102\004\065\004\100\004\060\004\102\004\103\004\100\004\113}{}% 26
\BOOKMARK [0][-]{chapter*.5}{\376\377\004\037\004\100\004\070\004\073\004\076\004\066\004\065\004\075\004\070\004\065\000\040\000A}{}% 27
